[    0.000000] Linux version 4.15.0-212-generic (buildd@lcy02-amd64-083) (gcc version 7.5.0 (Ubuntu 7.5.0-3ubuntu1~18.04)) #223-Ubuntu SMP Tue May 23 13:09:22 UTC 2023 (Ubuntu 4.15.0-212.223-generic 4.15.18)
[    0.000000] Command line: BOOT_IMAGE=/boot/vmlinuz-4.15.0-212-generic root=LABEL=cloudimg-rootfs ro console=tty1 console=ttyS0
[    0.000000] KERNEL supported cpus:
[    0.000000]   Intel GenuineIntel
[    0.000000]   AMD AuthenticAMD
[    0.000000]   Centaur CentaurHauls
[    0.000000] x86/fpu: Supporting XSAVE feature 0x001: 'x87 floating point registers'
[    0.000000] x86/fpu: Supporting XSAVE feature 0x002: 'SSE registers'
[    0.000000] x86/fpu: Supporting XSAVE feature 0x004: 'AVX registers'
[    0.000000] x86/fpu: xstate_offset[2]:  576, xstate_sizes[2]:  256
[    0.000000] x86/fpu: Enabled xstate features 0x7, context size is 832 bytes, using 'standard' format.
[    0.000000] e820: BIOS-provided physical RAM map:
[    0.000000] BIOS-e820: [mem 0x0000000000000000-0x000000000009fbff] usable
[    0.000000] BIOS-e820: [mem 0x000000000009fc00-0x000000000009ffff] reserved
[    0.000000] BIOS-e820: [mem 0x00000000000f0000-0x00000000000fffff] reserved
[    0.000000] BIOS-e820: [mem 0x0000000000100000-0x000000003ffeffff] usable
[    0.000000] BIOS-e820: [mem 0x000000003fff0000-0x000000003fffffff] ACPI data
[    0.000000] BIOS-e820: [mem 0x00000000fec00000-0x00000000fec00fff] reserved
[    0.000000] BIOS-e820: [mem 0x00000000fee00000-0x00000000fee00fff] reserved
[    0.000000] BIOS-e820: [mem 0x00000000fffc0000-0x00000000ffffffff] reserved
[    0.000000] NX (Execute Disable) protection: active
[    0.000000] SMBIOS 2.5 present.
[    0.000000] DMI: innotek GmbH VirtualBox/VirtualBox, BIOS VirtualBox 12/01/2006
[    0.000000] Hypervisor detected: KVM
[    0.000000] e820: last_pfn = 0x3fff0 max_arch_pfn = 0x400000000
[    0.000000] MTRR: Disabled
[    0.000000] x86/PAT: MTRRs disabled, skipping PAT initialization too.
[    0.000000] CPU MTRRs all blank - virtualized system.
[    0.000000] x86/PAT: Configuration [0-7]: WB  WT  UC- UC  WB  WT  UC- UC  
[    0.000000] found SMP MP-table at [mem 0x0009fff0-0x0009ffff]
[    0.000000] Scanning 1 areas for low memory corruption
[    0.000000] RAMDISK: [mem 0x359cb000-0x36cdcfff]
[    0.000000] ACPI: Early table checksum verification disabled
[    0.000000] ACPI: RSDP 0x00000000000E0000 000024 (v02 VBOX  )
[    0.000000] ACPI: XSDT 0x000000003FFF0030 00003C (v01 VBOX   VBOXXSDT 00000001 ASL  00000061)
[    0.000000] ACPI: FACP 0x000000003FFF00F0 0000F4 (v04 VBOX   VBOXFACP 00000001 ASL  00000061)
[    0.000000] ACPI: DSDT 0x000000003FFF0610 002353 (v02 VBOX   VBOXBIOS 00000002 INTL 20230628)
[    0.000000] ACPI: FACS 0x000000003FFF0200 000040
[    0.000000] ACPI: FACS 0x000000003FFF0200 000040
[    0.000000] ACPI: APIC 0x000000003FFF0240 00005C (v02 VBOX   VBOXAPIC 00000001 ASL  00000061)
[    0.000000] ACPI: SSDT 0x000000003FFF02A0 00036C (v01 VBOX   VBOXCPUT 00000002 INTL 20230628)
[    0.000000] ACPI: Reserving FACP table memory at [mem 0x3fff00f0-0x3fff01e3]
[    0.000000] ACPI: Reserving DSDT table memory at [mem 0x3fff0610-0x3fff2962]
[    0.000000] ACPI: Reserving FACS table memory at [mem 0x3fff0200-0x3fff023f]
[    0.000000] ACPI: Reserving FACS table memory at [mem 0x3fff0200-0x3fff023f]
[    0.000000] ACPI: Reserving APIC table memory at [mem 0x3fff0240-0x3fff029b]
[    0.000000] ACPI: Reserving SSDT table memory at [mem 0x3fff02a0-0x3fff060b]
[    0.000000] No NUMA configuration found
[    0.000000] Faking a node at [mem 0x0000000000000000-0x000000003ffeffff]
[    0.000000] NODE_DATA(0) allocated [mem 0x3ffc5000-0x3ffeffff]
[    0.000000] kvm-clock: cpu 0, msr 0:3ff44001, primary cpu clock
[    0.000000] kvm-clock: Using msrs 4b564d01 and 4b564d00
[    0.000000] kvm-clock: using sched offset of 2965173715 cycles
[    0.000000] clocksource: kvm-clock: mask: 0xffffffffffffffff max_cycles: 0x1cd42e4dffb, max_idle_ns: 881590591483 ns
[    0.000000] Zone ranges:
[    0.000000]   DMA      [mem 0x0000000000001000-0x0000000000ffffff]
[    0.000000]   DMA32    [mem 0x0000000001000000-0x000000003ffeffff]
[    0.000000]   Normal   empty
[    0.000000]   Device   empty
[    0.000000] Movable zone start for each node
[    0.000000] Early memory node ranges
[    0.000000]   node   0: [mem 0x0000000000001000-0x000000000009efff]
[    0.000000]   node   0: [mem 0x0000000000100000-0x000000003ffeffff]
[    0.000000] Reserved but unavailable: 104 pages
[    0.000000] Initmem setup node 0 [mem 0x0000000000001000-0x000000003ffeffff]
[    0.000000] ACPI: PM-Timer IO Port: 0x4008
[    0.000000] IOAPIC[0]: apic_id 2, version 32, address 0xfec00000, GSI 0-23
[    0.000000] ACPI: INT_SRC_OVR (bus 0 bus_irq 0 global_irq 2 dfl dfl)
[    0.000000] ACPI: INT_SRC_OVR (bus 0 bus_irq 9 global_irq 9 low level)
[    0.000000] Using ACPI (MADT) for SMP configuration information
[    0.000000] smpboot: Allowing 2 CPUs, 0 hotplug CPUs
[    0.000000] PM: Registered nosave memory: [mem 0x00000000-0x00000fff]
[    0.000000] PM: Registered nosave memory: [mem 0x0009f000-0x0009ffff]
[    0.000000] PM: Registered nosave memory: [mem 0x000a0000-0x000effff]
[    0.000000] PM: Registered nosave memory: [mem 0x000f0000-0x000fffff]
[    0.000000] e820: [mem 0x40000000-0xfebfffff] available for PCI devices
[    0.000000] Booting paravirtualized kernel on KVM
[    0.000000] clocksource: refined-jiffies: mask: 0xffffffff max_cycles: 0xffffffff, max_idle_ns: 7645519600211568 ns
[    0.000000] setup_percpu: NR_CPUS:8192 nr_cpumask_bits:2 nr_cpu_ids:2 nr_node_ids:1
[    0.000000] percpu: Embedded 50 pages/cpu s167936 r8192 d28672 u1048576
[    0.000000] PV qspinlock hash table entries: 256 (order: 0, 4096 bytes)
[    0.000000] Built 1 zonelists, mobility grouping on.  Total pages: 257913
[    0.000000] Policy zone: DMA32
[    0.000000] Kernel command line: BOOT_IMAGE=/boot/vmlinuz-4.15.0-212-generic root=LABEL=cloudimg-rootfs ro console=tty1 console=ttyS0
[    0.000000] Memory: 982644K/1048120K available (12300K kernel code, 2477K rwdata, 4324K rodata, 2480K init, 2720K bss, 65476K reserved, 0K cma-reserved)
[    0.000000] SLUB: HWalign=64, Order=0-3, MinObjects=0, CPUs=2, Nodes=1
[    0.000000] Kernel/User page tables isolation: enabled
[    0.000000] ftrace: allocating 39508 entries in 155 pages
[    0.004000] Hierarchical RCU implementation.
[    0.004000] 	RCU restricting CPUs from NR_CPUS=8192 to nr_cpu_ids=2.
[    0.004000] 	Tasks RCU enabled.
[    0.004000] RCU: Adjusting geometry for rcu_fanout_leaf=16, nr_cpu_ids=2
[    0.004000] NR_IRQS: 524544, nr_irqs: 440, preallocated irqs: 16
[    0.004000] random: crng init done
[    0.004000] Console: colour VGA+ 80x25
[    0.004000] console [tty1] enabled
[    0.004000] console [ttyS0] enabled
[    0.004000] ACPI: Core revision 20170831
[    0.004000] ACPI: 2 ACPI AML tables successfully acquired and loaded
[    0.004000] APIC: Switch to symmetric I/O mode setup
[    0.004000] x2apic enabled
[    0.004000] Switched APIC routing to physical x2apic.
[    0.004000] ..TIMER: vector=0x30 apic1=0 pin1=2 apic2=-1 pin2=-1
[    0.004000] tsc: Detected 3111.962 MHz processor
[    0.004000] Calibrating delay loop (skipped) preset value.. 6223.92 BogoMIPS (lpj=12447848)
[    0.004000] pid_max: default: 32768 minimum: 301
[    0.004000] Security Framework initialized
[    0.004000] Yama: becoming mindful.
[    0.004000] AppArmor: AppArmor initialized
[    0.004000] Dentry cache hash table entries: 131072 (order: 8, 1048576 bytes)
[    0.004000] Inode-cache hash table entries: 65536 (order: 7, 524288 bytes)
[    0.004000] Mount-cache hash table entries: 2048 (order: 2, 16384 bytes)
[    0.004000] Mountpoint-cache hash table entries: 2048 (order: 2, 16384 bytes)
[    0.004000] Last level iTLB entries: 4KB 0, 2MB 0, 4MB 0
[    0.004000] Last level dTLB entries: 4KB 0, 2MB 0, 4MB 0, 1GB 0
[    0.004000] Spectre V1 : Mitigation: usercopy/swapgs barriers and __user pointer sanitization
[    0.004000] Spectre V2 : Mitigation: Retpolines
[    0.004000] Spectre V2 : Spectre v2 / SpectreRSB mitigation: Filling RSB on context switch
[    0.004000] Spectre V2 : Spectre v2 / SpectreRSB : Filling RSB on VMEXIT
[    0.004000] Speculative Store Bypass: Vulnerable
[    0.004000] MDS: Mitigation: Clear CPU buffers
[    0.004000] Freeing SMP alternatives memory: 36K
[    0.124000] smpboot: CPU0: 11th Gen Intel(R) Core(TM) i5-11300H @ 3.10GHz (family: 0x6, model: 0x8c, stepping: 0x1)
[    0.124000] Performance Events: unsupported p6 CPU model 140 no PMU driver, software events only.
[    0.124000] Hierarchical SRCU implementation.
[    0.124000] NMI watchdog: Perf event create on CPU 0 failed with -2
[    0.124000] NMI watchdog: Perf NMI watchdog permanently disabled
[    0.124000] smp: Bringing up secondary CPUs ...
[    0.124000] x86: Booting SMP configuration:
[    0.124000] .... node  #0, CPUs:      #1
[    0.004000] kvm-clock: cpu 1, msr 0:3ff44041, secondary cpu clock
[    0.128016] smp: Brought up 1 node, 2 CPUs
[    0.128448] smpboot: Max logical packages: 1
[    0.128858] smpboot: Total of 2 processors activated (12447.84 BogoMIPS)
[    0.129521] devtmpfs: initialized
[    0.129521] x86/mm: Memory block size: 128MB
[    0.129521] evm: security.selinux
[    0.129521] evm: security.SMACK64
[    0.129545] evm: security.SMACK64EXEC
[    0.129905] evm: security.SMACK64TRANSMUTE
[    0.132003] evm: security.SMACK64MMAP
[    0.132369] evm: security.apparmor
[    0.132726] evm: security.ima
[    0.133019] evm: security.capability
[    0.133370] clocksource: jiffies: mask: 0xffffffff max_cycles: 0xffffffff, max_idle_ns: 7645041785100000 ns
[    0.133370] futex hash table entries: 512 (order: 3, 32768 bytes)
[    0.133560] pinctrl core: initialized pinctrl subsystem
[    0.134277] RTC time: 13:02:02, date: 10/15/25
[    0.136082] NET: Registered protocol family 16
[    0.136568] audit: initializing netlink subsys (disabled)
[    0.137099] audit: type=2000 audit(1760533326.893:1): state=initialized audit_enabled=0 res=1
[    0.137099] cpuidle: using governor ladder
[    0.137099] cpuidle: using governor menu
[    0.137099] ACPI: bus type PCI registered
[    0.137230] acpiphp: ACPI Hot Plug PCI Controller Driver version: 0.5
[    0.137840] PCI: Using configuration type 1 for base access
[    0.140629] HugeTLB registered 2.00 MiB page size, pre-allocated 0 pages
[    0.140755] ACPI: Added _OSI(Module Device)
[    0.140755] ACPI: Added _OSI(Processor Device)
[    0.140895] ACPI: Added _OSI(3.0 _SCP Extensions)
[    0.141346] ACPI: Added _OSI(Processor Aggregator Device)
[    0.141851] ACPI: Added _OSI(Linux-Dell-Video)
[    0.144002] ACPI: Added _OSI(Linux-Lenovo-NV-HDMI-Audio)
[    0.144471] ACPI: Added _OSI(Linux-HPI-Hybrid-Graphics)
[    0.145108] ACPI: Executed 1 blocks of module-level executable AML code
[    0.147642] ACPI: Interpreter enabled
[    0.148009] ACPI: (supports S0 S5)
[    0.148356] ACPI: Using IOAPIC for interrupt routing
[    0.149015] PCI: Using host bridge windows from ACPI; if necessary, use "pci=nocrs" and report a bug
[    0.149954] ACPI: Enabled 2 GPEs in block 00 to 07
[    0.153900] ACPI: PCI Root Bridge [PCI0] (domain 0000 [bus 00-ff])
[    0.154554] acpi PNP0A03:00: _OSC: OS supports [ASPM ClockPM Segments MSI]
[    0.155506] acpi PNP0A03:00: _OSC: not requesting OS control; OS requires [ExtendedConfig ASPM ClockPM MSI]
[    0.156008] acpi PNP0A03:00: fail to add MMCONFIG information, can't access extended PCI configuration space under this bridge.
[    0.157250] PCI host bridge to bus 0000:00
[    0.157664] pci_bus 0000:00: root bus resource [io  0x0000-0x0cf7 window]
[    0.158276] pci_bus 0000:00: root bus resource [io  0x0d00-0xffff window]
[    0.158968] pci_bus 0000:00: root bus resource [mem 0x000a0000-0x000bffff window]
[    0.160001] pci_bus 0000:00: root bus resource [mem 0x40000000-0xfdffffff window]
[    0.161038] pci_bus 0000:00: root bus resource [bus 00-ff]
[    0.162436] pci 0000:00:01.1: legacy IDE quirk: reg 0x10: [io  0x01f0-0x01f7]
[    0.163122] pci 0000:00:01.1: legacy IDE quirk: reg 0x14: [io  0x03f6]
[    0.163712] pci 0000:00:01.1: legacy IDE quirk: reg 0x18: [io  0x0170-0x0177]
[    0.164001] pci 0000:00:01.1: legacy IDE quirk: reg 0x1c: [io  0x0376]
[    0.170846] pci 0000:00:07.0: quirk: [io  0x4000-0x403f] claimed by PIIX4 ACPI
[    0.171654] pci 0000:00:07.0: quirk: [io  0x4100-0x410f] claimed by PIIX4 SMB
[    0.174580] ACPI: PCI Interrupt Link [LNKA] (IRQs 5 9 10 *11)
[    0.175803] ACPI: PCI Interrupt Link [LNKB] (IRQs 5 9 *10 11)
[    0.176067] ACPI: PCI Interrupt Link [LNKC] (IRQs 5 *9 10 11)
[    0.176825] ACPI: PCI Interrupt Link [LNKD] (IRQs 5 9 10 *11)
[    0.177703] SCSI subsystem initialized
[    0.178206] pci 0000:00:02.0: vgaarb: setting as boot VGA device
[    0.178206] pci 0000:00:02.0: vgaarb: VGA device added: decodes=io+mem,owns=io+mem,locks=none
[    0.180005] pci 0000:00:02.0: vgaarb: bridge control possible
[    0.180660] vgaarb: loaded
[    0.180994] ACPI: bus type USB registered
[    0.181503] usbcore: registered new interface driver usbfs
[    0.182223] usbcore: registered new interface driver hub
[    0.182858] usbcore: registered new device driver usb
[    0.183461] EDAC MC: Ver: 3.0.0
[    0.184100] PCI: Using ACPI for IRQ routing
[    0.184646] NetLabel: Initializing
[    0.185081] NetLabel:  domain hash size = 128
[    0.185580] NetLabel:  protocols = UNLABELED CIPSOv4 CALIPSO
[    0.186253] NetLabel:  unlabeled traffic allowed by default
[    0.186860] clocksource: Switched to clocksource kvm-clock
[    0.190902] VFS: Disk quotas dquot_6.6.0
[    0.191430] VFS: Dquot-cache hash table entries: 512 (order 0, 4096 bytes)
[    0.192214] AppArmor: AppArmor Filesystem Enabled
[    0.192826] pnp: PnP ACPI init
[    0.193684] pnp: PnP ACPI: found 3 devices
[    0.199962] clocksource: acpi_pm: mask: 0xffffff max_cycles: 0xffffff, max_idle_ns: 2085701024 ns
[    0.201303] NET: Registered protocol family 2
[    0.201836] IP idents hash table entries: 16384 (order: 5, 131072 bytes)
[    0.202759] TCP established hash table entries: 8192 (order: 4, 65536 bytes)
[    0.203508] TCP bind hash table entries: 8192 (order: 5, 131072 bytes)
[    0.204181] TCP: Hash tables configured (established 8192 bind 8192)
[    0.204946] UDP hash table entries: 512 (order: 2, 16384 bytes)
[    0.205662] UDP-Lite hash table entries: 512 (order: 2, 16384 bytes)
[    0.206377] NET: Registered protocol family 1
[    0.207009] pci 0000:00:00.0: Limiting direct PCI/PCI transfers
[    0.207731] pci 0000:00:01.0: Activating ISA DMA hang workarounds
[    0.208170] pci 0000:00:02.0: Video device with shadowed ROM at [mem 0x000c0000-0x000dffff]
[    0.208170] Unpacking initramfs...
[    0.208170] Freeing initrd memory: 19528K
[    0.208170] clocksource: tsc: mask: 0xffffffffffffffff max_cycles: 0x2cdb6bb49a3, max_idle_ns: 440795238542 ns
[    0.208170] platform rtc_cmos: registered platform RTC device (no PNP device found)
[    0.208170] Scanning for low memory corruption every 60 seconds
[    0.403114] Initialise system trusted keyrings
[    0.403614] Key type blacklist registered
[    0.404064] workingset: timestamp_bits=36 max_order=18 bucket_order=0
[    0.405224] zbud: loaded
[    0.405874] squashfs: version 4.0 (2009/01/31) Phillip Lougher
[    0.406622] fuse init (API version 7.26)
[    0.408097] Key type asymmetric registered
[    0.408585] Asymmetric key parser 'x509' registered
[    0.409068] Block layer SCSI generic (bsg) driver version 0.4 loaded (major 246)
[    0.409779] io scheduler noop registered
[    0.410158] io scheduler deadline registered
[    0.410596] io scheduler cfq registered (default)
[    0.411213] ACPI: AC Adapter [AC] (on-line)
[    0.411659] input: Power Button as /devices/LNXSYSTM:00/LNXPWRBN:00/input/input0
[    0.412524] ACPI: Power Button [PWRF]
[    0.412928] input: Sleep Button as /devices/LNXSYSTM:00/LNXSLPBN:00/input/input1
[    0.413638] ACPI: Sleep Button [SLPF]
[    0.414576] ACPI: Battery Slot [BAT0] (battery present)
[    0.415285] Serial: 8250/16550 driver, 32 ports, IRQ sharing enabled
[    0.436415] 00:02: ttyS0 at I/O 0x3f8 (irq = 4, base_baud = 115200) is a 16550A
[    0.438611] Linux agpgart interface v0.103
[    0.439948] loop: module loaded
[    0.440692] scsi host0: ata_piix
[    0.441116] scsi host1: ata_piix
[    0.441458] ata1: PATA max UDMA/33 cmd 0x1f0 ctl 0x3f6 bmdma 0xd000 irq 14
[    0.442095] ata2: PATA max UDMA/33 cmd 0x170 ctl 0x376 bmdma 0xd008 irq 15
[    0.442897] tun: Universal TUN/TAP device driver, 1.6
[    0.443446] PPP generic driver version 2.4.2
[    0.443878] ehci_hcd: USB 2.0 'Enhanced' Host Controller (EHCI) Driver
[    0.444492] ehci-pci: EHCI PCI platform driver
[    0.444928] ehci-platform: EHCI generic platform driver
[    0.445444] ohci_hcd: USB 1.1 'Open' Host Controller (OHCI) Driver
[    0.446013] ohci-pci: OHCI PCI platform driver
[    0.446446] ohci-platform: OHCI generic platform driver
[    0.446939] uhci_hcd: USB Universal Host Controller Interface driver
[    0.447556] i8042: PNP: PS/2 Controller [PNP0303:PS2K,PNP0f03:PS2M] at 0x60,0x64 irq 1,12
[    0.448659] serio: i8042 KBD port at 0x60,0x64 irq 1
[    0.449176] serio: i8042 AUX port at 0x60,0x64 irq 12
[    0.449805] mousedev: PS/2 mouse device common for all mice
[    0.450633] input: AT Translated Set 2 keyboard as /devices/platform/i8042/serio0/input/input2
[    0.451628] rtc_cmos rtc_cmos: rtc core: registered rtc_cmos as rtc0
[    0.452279] rtc_cmos rtc_cmos: alarms up to one day, 114 bytes nvram
[    0.452852] i2c /dev entries driver
[    0.453251] device-mapper: uevent: version 1.0.3
[    0.453718] device-mapper: ioctl: 4.37.0-ioctl (2017-09-20) initialised: dm-devel@redhat.com
[    0.454540] ledtrig-cpu: registered to indicate activity on CPUs
[    0.455312] NET: Registered protocol family 10
[    0.457710] Segment Routing with IPv6
[    0.458123] NET: Registered protocol family 17
[    0.458588] Key type dns_resolver registered
[    0.459118] mce: Using 0 MCE banks
[    0.459507] RAS: Correctable Errors collector initialized.
[    0.460076] sched_clock: Marking stable (460064035, 0)->(551094199, -91030164)
[    0.460980] registered taskstats version 1
[    0.461435] Loading compiled-in X.509 certificates
[    0.463079] Loaded X.509 cert 'Build time autogenerated kernel key: b5b26778eaa3ab3a4a6cee031137706e947d12ad'
[    0.464537] Loaded X.509 cert 'Canonical Ltd. Live Patch Signing: 14df34d1a87cf37625abec039ef2bf521249b969'
[    0.465842] Loaded X.509 cert 'Canonical Ltd. Kernel Module Signing: 88f752e560a1e0737e31163a466ad7b70a850c19'
[    0.466790] blacklist: Loading compiled-in revocation X.509 certificates
[    0.467427] Loaded X.509 cert 'Canonical Ltd. Secure Boot Signing: 61482aa2830d0ab2ad5af10b7250da9033ddcef0'
[    0.468371] Loaded X.509 cert 'Canonical Ltd. Secure Boot Signing (2017): 242ade75ac4a15e50d50c84b0d45ff3eae707a03'
[    0.469359] Loaded X.509 cert 'Canonical Ltd. Secure Boot Signing (ESM 2018): 365188c1d374d6b07c3c8f240f8ef722433d6a8b'
[    0.470495] Loaded X.509 cert 'Canonical Ltd. Secure Boot Signing (2019): c0746fd6c5da3ae827864651ad66ae47fe24b3e8'
[    0.471484] Loaded X.509 cert 'Canonical Ltd. Secure Boot Signing (2021 v1): a8d54bbb3825cfb94fa13c9f8a594a195c107b8d'
[    0.472523] Loaded X.509 cert 'Canonical Ltd. Secure Boot Signing (2021 v2): 4cf046892d6fd3c9a5b03f98d845f90851dc6a8c'
[    0.473537] Loaded X.509 cert 'Canonical Ltd. Secure Boot Signing (2021 v3): 100437bb6de6e469b581e61cd66bce3ef4ed53af'
[    0.474545] Loaded X.509 cert 'Canonical Ltd. Secure Boot Signing (Ubuntu Core 2019): c1d57b8f6b743f23ee41f4f7ee292f06eecadfb9'
[    0.475609] zswap: loaded using pool lzo/zbud
[    0.477664] Key type big_key registered
[    0.478082] Key type trusted registered
[    0.479230] Key type encrypted registered
[    0.479657] AppArmor: AppArmor sha1 policy hashing enabled
[    0.480201] ima: No TPM chip found, activating TPM-bypass! (rc=-19)
[    0.480781] ima: Allocated hash algorithm: sha1
[    0.481241] evm: HMAC attrs: 0x1
[    0.481665]   Magic number: 13:491:28
[    0.482093] rtc_cmos rtc_cmos: setting system clock to 2025-10-15 13:02:02 UTC (1760533322)
[    0.482927] BIOS EDD facility v0.16 2004-Jun-25, 0 devices found
[    0.483498] EDD information not available.
[    0.627695] Freeing unused kernel image memory: 2480K
[    0.643982] Write protecting the kernel read-only data: 20480k
[    0.646374] Freeing unused kernel image memory: 2008K
[    0.647916] Freeing unused kernel image memory: 1820K
[    0.653180] x86/mm: Checked W+X mappings: passed, no W+X pages found.
[    0.653766] x86/mm: Checking user space page tables
[    0.657356] x86/mm: Checked W+X mappings: passed, no W+X pages found.
Loading, please wait...
starting version 237
[    0.695513] e1000: Intel(R) PRO/1000 Network Driver - version 7.3.21-k8-NAPI
[    0.696428] e1000: Copyright (c) 1999-2006 Intel Corporation.
[    0.697689] Fusion MPT base driver 3.04.20
[    0.698502] Copyright (c) 1999-2008 LSI Corporation
[    0.703079] Fusion MPT SPI Host driver 3.04.20
[    0.714526] AVX2 version of gcm_enc/dec engaged.
[    0.715234] AES CTR mode by8 optimization enabled
[    0.905527] input: ImExPS/2 Generic Explorer Mouse as /devices/platform/i8042/serio1/input/input4
[    1.141234] e1000 0000:00:03.0 eth0: (PCI:33MHz:32-bit) 02:3b:7b:b7:3b:2d
[    1.143151] e1000 0000:00:03.0 eth0: Intel(R) PRO/1000 Network Connection
[    1.146117] mptbase: ioc0: Initiating bringup
[    1.147388] e1000 0000:00:03.0 enp0s3: renamed from eth0
[    1.933959] ioc0: LSI53C1030 A0: Capabilities={Initiator}
[    7.932813] scsi host2: ioc0: LSI53C1030 A0, FwRev=00000000h, Ports=1, MaxQ=256, IRQ=20
[   11.236605] scsi 2:0:0:0: Direct-Access     VBOX     HARDDISK         1.0  PQ: 0 ANSI: 5
[   12.928139] scsi target2:0:0: Beginning Domain Validation
[   12.931701] scsi target2:0:0: Domain Validation skipping write tests
[   12.933722] scsi target2:0:0: Ending Domain Validation
[   12.934403] scsi target2:0:0: asynchronous
[   12.935020] scsi 2:0:1:0: Direct-Access     VBOX     HARDDISK         1.0  PQ: 0 ANSI: 5
[   14.212070] scsi target2:0:1: Beginning Domain Validation
[   14.213195] scsi target2:0:1: Domain Validation skipping write tests
[   14.213819] scsi target2:0:1: Ending Domain Validation
[   14.214376] scsi target2:0:1: asynchronous
[   14.216600] sd 2:0:0:0: Attached scsi generic sg0 type 0
[   14.217190] sd 2:0:0:0: [sda] 83886080 512-byte logical blocks: (42.9 GB/40.0 GiB)
[   14.218033] sd 2:0:0:0: [sda] Write Protect is off
[   14.218067] sd 2:0:1:0: Attached scsi generic sg1 type 0
[   14.219197] sd 2:0:1:0: [sdb] 20480 512-byte logical blocks: (10.5 MB/10.0 MiB)
[   14.219962] sd 2:0:0:0: [sda] Incomplete mode parameter data
[   14.220535] sd 2:0:0:0: [sda] Assuming drive cache: write through
[   14.221152] sd 2:0:1:0: [sdb] Write Protect is off
[   14.221708] sd 2:0:1:0: [sdb] Incomplete mode parameter data
[   14.222304] sd 2:0:1:0: [sdb] Assuming drive cache: write through
[   14.223439]  sda: sda1
[   14.224094] sd 2:0:0:0: [sda] Attached SCSI disk
[   14.224640] sd 2:0:1:0: [sdb] Attached SCSI disk
Begin: Loading essential drivers ... [   15.528066] raid6: sse2x1   gen() 18780 MB/s
[   15.580075] raid6: sse2x1   xor() 12036 MB/s
[   15.632366] raid6: sse2x2   gen() 22214 MB/s
[   15.687698] raid6: sse2x2   xor() 18015 MB/s
[   15.747730] raid6: sse2x4   gen() 31580 MB/s
[   15.796050] raid6: sse2x4   xor() 13946 MB/s
[   15.847886] raid6: avx2x1   gen() 39443 MB/s
[   15.896223] raid6: avx2x1   xor() 20833 MB/s
[   15.947695] raid6: avx2x2   gen() 48765 MB/s
[   15.996022] raid6: avx2x2   xor() 28845 MB/s
[   16.055736] raid6: avx2x4   gen() 55705 MB/s
[   16.117801] raid6: avx2x4   xor() 32458 MB/s
[   16.118332] raid6: using algorithm avx2x4 gen() 55705 MB/s
[   16.118812] raid6: .... xor() 32458 MB/s, rmw enabled
[   16.119289] raid6: using avx2x2 recovery algorithm
[   16.120837] xor: automatically using best checksumming function   avx       
[   16.122232] async_tx: api initialized (async)
done.
Begin: Running /scripts/init-premount ... done.
Begin: Mounting root file system ... Begin: Running /scripts/local-top ... done.
Begin: Running /scripts/local-premount ... [   16.149682] Btrfs loaded, crc32c=crc32c-intel
Scanning for Btrfs filesystems
done.
Warning: fsck not present, so skipping root file system
[   16.165041] EXT4-fs (sda1): mounted filesystem with ordered data mode. Opts: (null)
done.
Begin: Running /scripts/local-bottom ... done.
Begin: Running /scripts/init-bottom ... done.
[   16.284855] ip_tables: (C) 2000-2006 Netfilter Core Team
[   16.290183] systemd[1]: systemd 237 running in system mode. (+PAM +AUDIT +SELINUX +IMA +APPARMOR +SMACK +SYSVINIT +UTMP +LIBCRYPTSETUP +GCRYPT +GNUTLS +ACL +XZ +LZ4 +SECCOMP +BLKID +ELFUTILS +KMOD -IDN2 +IDN -PCRE2 default-hierarchy=hybrid)
[   16.292406] systemd[1]: Detected virtualization oracle.
[   16.292932] systemd[1]: Detected architecture x86-64.

Welcome to [1mUbuntu 18.04.6 LTS[0m!

[   16.295824] systemd[1]: Set hostname to <ubuntu>.
[   16.297347] systemd[1]: Initializing machine ID from random generator.
[   16.298044] systemd[1]: Installed transient /etc/machine-id file.
[   16.429850] systemd[1]: Started Forward Password Requests to Wall Directory Watch.
[[0;32m  OK  [0m] Started Forward Password Requests to Wall Directory Watch.
[   16.432144] systemd[1]: Created slice System Slice.
[[0;32m  OK  [0m] Created slice System Slice.
[   16.433092] systemd[1]: Created slice system-serial\x2dgetty.slice.
[[0;32m  OK  [0m] Created slice system-serial\x2dgetty.slice.
[   16.434011] systemd[1]: Reached target System Time Synchronized.
[[0;32m  OK  [0m] Reached target System Time Synchronized.
[[0;32m  OK  [0m] Listening on Network Service Netlink Socket.
[[0;32m  OK  [0m] Listening on udev Kernel Socket.
[[0;32m  OK  [0m] Listening on fsck to fsckd communication Socket.
[[0;32m  OK  [0m] Listening on Journal Socket.
         Starting Load Kernel Modules...
         Mounting Huge Pages File System...
[[0;32m  OK  [0m] Listening on Journal Audit Socket.
         Starting Set the console keyboard layout...
[[0;32m  OK  [0m] Listening on /dev/initctl Compatibility Named Pipe.
         Starting Create list of required st…ce nodes for the current kernel...
         Mounting Kernel Debug File System...
         Starting File System Check on Root Device...
[[0;32m  OK  [0m] Listening on Journal Socket (/dev/log).
[[0;32m  OK  [0m] Listening on Syslog Socket.
[   16.448681] Loading iSCSI transport class v2.0-870.
[   16.452412] iscsi: registered transport (tcp)
         Starting Journal Service...
[[0;32m  OK  [0m] Listening on LVM2 poll daemon socket.
[[0;32m  OK  [0m] Reached target Swap.
         Mounting POSIX Message Queue File System...
[[0;32m  OK  [0m] Set up automount Arbitrary Executab…rmats File System Automount Point.
[[0;32m  OK  [0m] Created slice User and Session Slice.
[[0;32m  OK  [0m] Reached target Slices.
[[0;32m  OK  [0m] Listening on Device-mapper event daemon FIFOs.
         Starting Uncomplicated firewall...
[[0;32m  OK  [0m] Reached target User and Group Name Lookups.
[[0;32m  OK  [0m] Reached target Mounting snaps.
[[0;32m  OK  [0m] Reached target Mounted snaps.
[[0;32m  OK  [0m] Listening on udev Control Socket.
         Starting udev Coldplug all Devices...
[[0;32m  OK  [0m] Listening on LVM2 metadata daemon socket.
         Starting Monitoring of LVM2 mirrors…ng dmeventd or progress polling...
[[0;32m  OK  [0m] Started Create list of required sta…vice nodes for the current kernel.
[[0;32m  OK  [0m] Mounted Huge Pages File System.
[[0;32m  OK  [0m] Mounted Kernel Debug File System.
[[0;32m  OK  [0m] Mounted POSIX Message Queue File System.
[[0;32m  OK  [0m] Started File System Check Daemon to report status.
         Starting Create Static Device Nodes in /dev...
[[0;32m  OK  [0m] Started Journal Service.
[   16.513074] iscsi: registered transport (iser)
[[0;32m  OK  [0m] Started Load Kernel Modules.
         Mounting Kernel Configuration File System...
         Mounting FUSE Control File System...
         Starting Apply Kernel Variables...
[[0;32m  OK  [0m] Started Uncomplicated firewall.
[[0;32m  OK  [0m] Mounted Kernel Configuration File System.
[[0;32m  OK  [0m] Mounted FUSE Control File System.
[[0;32m  OK  [0m] Started LVM2 metadata daemon.
[[0;32m  OK  [0m] Started udev Coldplug all Devices.
[[0;32m  OK  [0m] Started Create Static Device Nodes in /dev.
[[0;32m  OK  [0m] Started File System Check on Root Device.
         Starting Remount Root and Kernel File Systems...
[[0;32m  OK  [0m] Started Apply Kernel Variables.
[[0;32m  OK  [0m] Started Remount Root and Kernel File Systems.
[[0;32m  OK  [0m] Started Monitoring of LVM2 mirrors,…sing dmeventd or progress polling.
         Starting Flush Journal to Persistent Storage...
         Starting Load/Save Random Seed...
         Starting udev Kernel Device Manager...
[[0;32m  OK  [0m] Started Load/Save Random Seed.
[[0;32m  OK  [0m] Started udev Kernel Device Manager.
[[0;32m  OK  [0m] Started Flush Journal to Persistent Storage.
[[0;32m  OK  [0m] Found device /dev/ttyS0.
[[0;32m  OK  [0m] Listening on Load/Save RF Kill Switch Status /dev/rfkill Watch.
         Mounting Arbitrary Executable File Formats File System...
[[0;32m  OK  [0m] Mounted Arbitrary Executable File Formats File System.
[[0;32m  OK  [0m] Started Set the console keyboard layout.
[[0;32m  OK  [0m] Started Dispatch Password Requests to Console Directory Watch.
[[0;32m  OK  [0m] Reached target Local Encrypted Volumes.
[[0;32m  OK  [0m] Reached target Local File Systems (Pre).
[[0;32m  OK  [0m] Reached target Local File Systems.
         Starting ebtables ruleset management...
         Starting Create Volatile Files and Directories...
         Starting Set console font and keymap...
         Starting Commit a transient machine-id on disk...
         Starting AppArmor initialization...
         Starting Tell Plymouth To Write Out Runtime Data...
[[0;32m  OK  [0m] Started Tell Plymouth To Write Out Runtime Data.
[[0;32m  OK  [0m] Started Create Volatile Files and Directories.
         Starting Update UTMP about System Boot/Shutdown...
[[0;32m  OK  [0m] Started Update UTMP about System Boot/Shutdown.
[[0;32m  OK  [0m] Started Commit a transient machine-id on disk.
[[0;32m  OK  [0m] Started ebtables ruleset management.
[[0;32m  OK  [0m] Started AppArmor initialization.
         Starting Load AppArmor profiles managed internally by snapd...
         Starting Initial cloud-init job (pre-networking)...
[[0;32m  OK  [0m] Started Load AppArmor profiles managed internally by snapd.
[[0;32m  OK  [0m] Started Set console font and keymap.
[   18.387720] cloud-init[847]: Cloud-init v. 23.1.2-0ubuntu0~18.04.1 running 'init-local' at Wed, 15 Oct 2025 13:02:20 +0000. Up 18.20 seconds.
[[0;32m  OK  [0m] Started Initial cloud-init job (pre-networking).
[[0;32m  OK  [0m] Reached target Network (Pre).
         Starting Network Service...
[[0;32m  OK  [0m] Started Network Service.
         Starting Wait for Network to be Configured...
         Starting Network Name Resolution...
[[0;32m  OK  [0m] Started Network Name Resolution.
[[0;32m  OK  [0m] Reached target Network.
[[0;32m  OK  [0m] Reached target Host and Network Name Lookups.
[[0;32m  OK  [0m] Started Wait for Network to be Configured.
         Starting Initial cloud-init job (metadata service crawler)...
[   20.211170] cloud-init[1024]: Cloud-init v. 23.1.2-0ubuntu0~18.04.1 running 'init' at Wed, 15 Oct 2025 13:02:22 +0000. Up 20.13 seconds.
[   20.212007] cloud-init[1024]: ci-info: ++++++++++++++++++++++++++++++++++++++Net device info++++++++++++++++++++++++++++++++++++++
[   20.212852] cloud-init[1024]: ci-info: +--------+------+----------------------------+---------------+--------+-------------------+
[   20.213626] cloud-init[1024]: ci-info: | Device |  Up  |          Address           |      Mask     | Scope  |     Hw-Address    |
[   20.214387] cloud-init[1024]: ci-info: +--------+------+----------------------------+---------------+--------+-------------------+
[   20.215503] cloud-init[1024]: ci-info: | enp0s3 | True |         10.0.2.15          | 255.255.255.0 | global | 02:3b:7b:b7:3b:2d |
[   20.216230] cloud-init[1024]: ci-info: | enp0s3 | True | fe80::3b:7bff:feb7:3b2d/64 |       .       |  link  | 02:3b:7b:b7:3b:2d |
[   20.216978] cloud-init[1024]: ci-info: |   lo   | True |         127.0.0.1          |   255.0.0.0   |  host  |         .         |
[   20.217739] cloud-init[1024]: ci-info: |   lo   | True |          ::1/128           |       .       |  host  |         .         |
[   20.218503] cloud-init[1024]: ci-info: +--------+------+----------------------------+---------------+--------+-------------------+
[   20.219328] cloud-init[1024]: ci-info: ++++++++++++++++++++++++++++Route IPv4 info+++++++++++++++++++++++++++++
[   20.220138] cloud-init[1024]: ci-info: +-------+-------------+----------+-----------------+-----------+-------+
[   20.220855] cloud-init[1024]: ci-info: | Route | Destination | Gateway  |     Genmask     | Interface | Flags |
[   20.221544] cloud-init[1024]: ci-info: +-------+-------------+----------+-----------------+-----------+-------+
[   20.222244] cloud-init[1024]: ci-info: |   0   |   0.0.0.0   | 10.0.2.2 |     0.0.0.0     |   enp0s3  |   UG  |
[   20.222939] cloud-init[1024]: ci-info: |   1   |   10.0.2.0  | 0.0.0.0  |  255.255.255.0  |   enp0s3  |   U   |
[   20.223630] cloud-init[1024]: ci-info: |   2   |   10.0.2.2  | 0.0.0.0  | 255.255.255.255 |   enp0s3  |   UH  |
[   20.224322] cloud-init[1024]: ci-info: +-------+-------------+----------+-----------------+-----------+-------+
[   20.225001] cloud-init[1024]: ci-info: +++++++++++++++++++Route IPv6 info+++++++++++++++++++
[   20.225589] cloud-init[1024]: ci-info: +-------+-------------+---------+-----------+-------+
[   20.226178] cloud-init[1024]: ci-info: | Route | Destination | Gateway | Interface | Flags |
[   20.226841] cloud-init[1024]: ci-info: +-------+-------------+---------+-----------+-------+
[   20.227447] cloud-init[1024]: ci-info: |   1   |  fe80::/64  |    ::   |   enp0s3  |   U   |
[   20.228034] cloud-init[1024]: ci-info: |   3   |    local    |    ::   |   enp0s3  |   U   |
[   20.228662] cloud-init[1024]: ci-info: |   4   |   ff00::/8  |    ::   |   enp0s3  |   U   |
[   20.229264] cloud-init[1024]: ci-info: +-------+-------------+---------+-----------+-------+
[   20.754084] cloud-init[1024]: Generating public/private rsa key pair.
[   20.754590] cloud-init[1024]: Your identification has been saved in /etc/ssh/ssh_host_rsa_key.
[   20.755219] cloud-init[1024]: Your public key has been saved in /etc/ssh/ssh_host_rsa_key.pub.
[   20.755903] cloud-init[1024]: The key fingerprint is:
[   20.756405] cloud-init[1024]: SHA256:e159wx31d0paaJhq2omVC0A6AzFmqRMIF1G8MZDYeko root@ubuntu-bionic
[   20.757140] cloud-init[1024]: The key's randomart image is:
[   20.757587] cloud-init[1024]: +---[RSA 2048]----+
[   20.758007] cloud-init[1024]: |*=*B.            |
[   20.758425] cloud-init[1024]: |*=o +            |
[   20.758860] cloud-init[1024]: |oo  .+          .|
[   20.759281] cloud-init[1024]: |+E.o.      o .  o|
[   20.759717] cloud-init[1024]: |.++ .   S o o o.+|
[   20.760169] cloud-init[1024]: |.  o .   + . =..=|
[   20.760619] cloud-init[1024]: |      . * . o ooo|
[   20.761058] cloud-init[1024]: |       B = .   ..|
[   20.761510] cloud-init[1024]: |      o + .      |
[   20.761945] cloud-init[1024]: +----[SHA256]-----+
[   20.762377] cloud-init[1024]: Generating public/private dsa key pair.
[   20.762910] cloud-init[1024]: Your identification has been saved in /etc/ssh/ssh_host_dsa_key.
[   20.763560] cloud-init[1024]: Your public key has been saved in /etc/ssh/ssh_host_dsa_key.pub.
[   20.764259] cloud-init[1024]: The key fingerprint is:
[   20.764721] cloud-init[1024]: SHA256:EQm/eStwsU2/mgVfXBnqp/oufynHlCTDxDmmXa3Pwqs root@ubuntu-bionic
[   20.765440] cloud-init[1024]: The key's randomart image is:
[   20.765967] cloud-init[1024]: +---[DSA 1024]----+
[   20.766433] cloud-init[1024]: |      ....  . ...|
[   20.766906] cloud-init[1024]: |       ...   *..+|
[   20.767368] cloud-init[1024]: |        + . *.oo.|
[   20.767864] cloud-init[1024]: |         O o.*.o |
[   20.768344] cloud-init[1024]: |      . S + .o*+.|
[   20.768788] cloud-init[1024]: |       o . + o=oo|
[   20.769194] cloud-init[1024]: |        . . +.oo.|
[   20.769630] cloud-init[1024]: |         . =...= |
[   20.770089] cloud-init[1024]: |          o.E=+  |
[   20.770527] cloud-init[1024]: +----[SHA256]-----+
[   20.770966] cloud-init[1024]: Generating public/private ecdsa key pair.
[   20.771495] cloud-init[1024]: Your identification has been saved in /etc/ssh/ssh_host_ecdsa_key.
[   20.772213] cloud-init[1024]: Your public key has been saved in /etc/ssh/ssh_host_ecdsa_key.pub.
[   20.772887] cloud-init[1024]: The key fingerprint is:
[   20.773328] cloud-init[1024]: SHA256:Wvvc0igvhMxnFJP51Jpxh44V8d3RaqnKeQLyaZfHc20 root@ubuntu-bionic
[   20.774019] cloud-init[1024]: The key's randomart image is:
[   20.774538] cloud-init[1024]: +---[ECDSA 256]---+
[   20.774988] cloud-init[1024]: |         o .o+ ..|
[   20.775435] cloud-init[1024]: |        = o =...+|
[   20.775883] cloud-init[1024]: |         = O ..oo|
[   20.776233] cloud-init[1024]: |        . = . +  |
[   20.776596] cloud-init[1024]: |     o oS    o   |
[   20.777072] cloud-init[1024]: |      =o=.  .    |
[   20.777545] cloud-init[1024]: |      .*.+ B   . |
[   20.778046] cloud-init[1024]: |        *oX.* . E|
[   20.778505] cloud-init[1024]: |       . =+=.o . |
[   20.778969] cloud-init[1024]: +----[SHA256]-----+
[   20.779290] cloud-init[1024]: Generating public/private ed25519 key pair.
[   20.779679] cloud-init[1024]: Your identification has been saved in /etc/ssh/ssh_host_ed25519_key.
[   20.780212] cloud-init[1024]: Your public key has been saved in /etc/ssh/ssh_host_ed25519_key.pub.
[   20.780643] cloud-init[1024]: The key fingerprint is:
[   20.780994] cloud-init[1024]: SHA256:lHOLTFmi+trhcyNk/wys6EWlG/0A+SgpWdA6S1PzuTE root@ubuntu-bionic
[   20.781483] cloud-init[1024]: The key's randomart image is:
[   20.781860] cloud-init[1024]: +--[ED25519 256]--+
[   20.782171] cloud-init[1024]: |  ..    . .      |
[   20.782500] cloud-init[1024]: |   .+  o =       |
[   20.782813] cloud-init[1024]: |   o.o+.B .      |
[   20.783110] cloud-init[1024]: |  =o oE@ + .     |
[   20.783413] cloud-init[1024]: | .o++ =+S .      |
[   20.783711] cloud-init[1024]: |  .. +++ o       |
[   20.784017] cloud-init[1024]: |     o=.o .      |
[   20.784347] cloud-init[1024]: |     *oo+o       |
[   20.784696] cloud-init[1024]: |   .+ ++ oo      |
[   20.785014] cloud-init[1024]: +----[SHA256]-----+
[[0;32m  OK  [0m] Started Initial cloud-init job (metadata service crawler).
[[0;32m  OK  [0m] Reached target Cloud-config availability.
[[0;32m  OK  [0m] Reached target System Initialization.
         Starting Socket activation for snappy daemon.
[[0;32m  OK  [0m] Listening on UUID daemon activation socket.
[[0;32m  OK  [0m] Listening on D-Bus System Message Bus Socket.
[[0;32m  OK  [0m] Started Message of the Day.
[[0;32m  OK  [0m] Started Daily Cleanup of Temporary Directories.
[[0;32m  OK  [0m] Started ACPI Events Check.
[[0;32m  OK  [0m] Reached target Paths.
[[0;32m  OK  [0m] Started Daily apt download activities.
[[0;32m  OK  [0m] Listening on Open-iSCSI iscsid Socket.
[[0;32m  OK  [0m] Listening on ACPID Listen Socket.
[[0;32m  OK  [0m] Started Daily apt upgrade and clean activities.
[[0;32m  OK  [0m] Listening on cloud-init hotplug hook socket.
[[0;32m  OK  [0m] Started Discard unused blocks once a week.
[[0;32m  OK  [0m] Started Ubuntu Advantage Timer for running repeated jobs.
[[0;32m  OK  [0m] Reached target Timers.
         Starting LXD - unix socket.
[[0;32m  OK  [0m] Reached target Network is Online.
[[0;32m  OK  [0m] Reached target Remote File Systems (Pre).
[[0;32m  OK  [0m] Reached target Remote File Systems.
         Starting Availability of block devices...
[[0;32m  OK  [0m] Listening on Socket activation for snappy daemon.
[[0;32m  OK  [0m] Listening on LXD - unix socket.
[[0;32m  OK  [0m] Reached target Sockets.
[[0;32m  OK  [0m] Reached target Basic System.
         Starting Virtualbox guest utils...
         Starting LSB: automatic crash report generation...
[[0;32m  OK  [0m] Started Deferred execution scheduler.
[[0;32m  OK  [0m] Reached target Login Prompts (Pre).
[[0;32m  OK  [0m] Started Regular background program processing daemon.
[[0;32m  OK  [0m] Started D-Bus System Message Bus.
[[0;32m  OK  [0m] Started FUSE filesystem for LXC.
         Starting LSB: Record successful boot for GRUB...
         Starting LXD - container startup/shutdown...
         Starting Permit User Sessions...
         Starting Dispatcher daemon for systemd-networkd...
         Starting Accounts Service...
         Starting Login Service...
         Starting Pollinate to seed the pseudo random number generator...
[[0;32m  OK  [0m] Started irqbalance daemon.
         Starting System Logging Service...
         Starting Snap Daemon...
[[0;32m  OK  [0m] Started Availability of block devices.
[[0;32m  OK  [0m] Started Permit User Sessions.
         Starting Hold until boot process finishes up...
         Starting Terminate Plymouth Boot Screen...
[[0;32m  OK  [0m] Started Hold until boot process finishes up.
         Starting Set console scheme...
[[0;32m  OK  [0m] Started Serial Getty on ttyS0.
[[0;32m  OK  [0m] Started Terminate Plymouth Boot Screen.
[[0;32m  OK  [0m] Started Login Service.
[[0;32m  OK  [0m] Started Unattended Upgrades Shutdown.
[[0;32m  OK  [0m] Started System Logging Service.
[[0;32m  OK  [0m] Started LSB: automatic crash report generation.
[[0;32m  OK  [0m] Started LXD - container startup/shutdown.
[[0;32m  OK  [0m] Started Set console scheme.
[[0;32m  OK  [0m] Created slice system-getty.slice.
[[0;32m  OK  [0m] Started Getty on tty1.
[[0;32m  OK  [0m] Reached target Login Prompts.
         Starting Authorization Manager...
[[0;32m  OK  [0m] Started Authorization Manager.
[[0;32m  OK  [0m] Started Accounts Service.
[[0;32m  OK  [0m] Started LSB: Record successful boot for GRUB.
[[0;32m  OK  [0m] Started Virtualbox guest utils.
[[0;32m  OK  [0m] Started Dispatcher daemon for systemd-networkd.
[[0;32m  OK  [0m] Started Snap Daemon.
         Starting Wait until snapd is fully seeded...
[[0;32m  OK  [0m] Started Pollinate to seed the pseudo random number generator.
         Starting OpenBSD Secure Shell server...
[[0;32m  OK  [0m] Started OpenBSD Secure Shell server.
         Starting Time & Date Service...
[[0;32m  OK  [0m] Started Time & Date Service.
[[0;32m  OK  [0m] Started Wait until snapd is fully seeded.
         Starting Apply the settings specified in cloud-config...
[   23.034329] cloud-init[1616]: Cloud-init v. 23.1.2-0ubuntu0~18.04.1 running 'modules:config' at Wed, 15 Oct 2025 13:02:24 +0000. Up 22.83 seconds.
[[0;32m  OK  [0m] Started Apply the settings specified in cloud-config.
[[0;32m  OK  [0m] Reached target Multi-User System.
[[0;32m  OK  [0m] Reached target Graphical Interface.
         Starting Update UTMP about System Runlevel Changes...
         Starting Execute cloud user/final scripts...
[[0;32m  OK  [0m] Started Update UTMP about System Runlevel Changes.
ci-info: no authorized SSH keys fingerprints found for user ubuntu.
<14>Oct 15 13:02:25 cloud-init: #############################################################
<14>Oct 15 13:02:25 cloud-init: -----BEGIN SSH HOST KEY FINGERPRINTS-----
<14>Oct 15 13:02:25 cloud-init: 1024 SHA256:EQm/eStwsU2/mgVfXBnqp/oufynHlCTDxDmmXa3Pwqs root@ubuntu-bionic (DSA)
<14>Oct 15 13:02:25 cloud-init: 256 SHA256:Wvvc0igvhMxnFJP51Jpxh44V8d3RaqnKeQLyaZfHc20 root@ubuntu-bionic (ECDSA)
<14>Oct 15 13:02:25 cloud-init: 256 SHA256:lHOLTFmi+trhcyNk/wys6EWlG/0A+SgpWdA6S1PzuTE root@ubuntu-bionic (ED25519)
<14>Oct 15 13:02:25 cloud-init: 2048 SHA256:e159wx31d0paaJhq2omVC0A6AzFmqRMIF1G8MZDYeko root@ubuntu-bionic (RSA)
<14>Oct 15 13:02:25 cloud-init: -----END SSH HOST KEY FINGERPRINTS-----
<14>Oct 15 13:02:25 cloud-init: #############################################################
-----BEGIN SSH HOST KEY KEYS-----
ecdsa-sha2-nistp256 AAAAE2VjZHNhLXNoYTItbmlzdHAyNTYAAAAIbmlzdHAyNTYAAABBBKRQbyNl/5QFxBvV741nsELnZqVWJ4UasEDr/Xq+e8qmlpnASVMxulOvpGCg4dn6KyOzsZYkhwx3636u45iIDEw= root@ubuntu-bionic
ssh-ed25519 AAAAC3NzaC1lZDI1NTE5AAAAIDY+yJ32+5iO6239UFzGzVTixRYxPm4ABdgOAesjdlUR root@ubuntu-bionic
ssh-rsa AAAAB3NzaC1yc2EAAAADAQABAAABAQC0U0RMsTVs6g0L/zqjlxLDUqE6V5iPVzW0vHC1BEdnx7S+FPsQNZqxArEhTnP9btUWM1yfY/M+n+jIQkOfqHAc6OExIEFsLUBl0QBck2uPcO9kUgHT+QLHnHv8QsGXY/Co7ckaUsJVSYZlE93Krj4qUN9KJCrZ+AM1+pGpTGcIxmaEO1QR1GBvnY5AUhv7r5+lv/3hp2btPQ/LcSqqXieDI7EmHSzLJ6cW+Hn/CRCaXSRWUBCQSmnjZ2Ew4FAxOdH8mBL2+pkaNvuoFmV0fnv3/xOqmvZnVLLDS9tWbFSUT8fgeYA2VhSbFryfUU+CONRRkYElFO6rOZLAwyG1VFfx root@ubuntu-bionic
-----END SSH HOST KEY KEYS-----
[   23.394297] cloud-init[1665]: Cloud-init v. 23.1.2-0ubuntu0~18.04.1 running 'modules:final' at Wed, 15 Oct 2025 13:02:25 +0000. Up 23.29 seconds.
[   23.394962] cloud-init[1665]: Cloud-init v. 23.1.2-0ubuntu0~18.04.1 finished at Wed, 15 Oct 2025 13:02:25 +0000. Datasource DataSourceNoCloud [seed=/dev/sdb][dsmode=net].  Up 23.38 seconds
[[0;32m  OK  [0m] Started Execute cloud user/final scripts.
[[0;32m  OK  [0m] Reached target Cloud-init target.

Ubuntu 18.04.6 LTS ubuntu-bionic ttyS0

ubuntu-bionic login: [[0;32m  OK  [0m] Stopped target Host and Network Name Lookups.
         Stopping Availability of block devices...
[[0;32m  OK  [0m] Stopped target Timers.
[[0;32m  OK  [0m] Stopped Message of the Day.
[[0;32m  OK  [0m] Stopped Daily Cleanup of Temporary Directories.
[[0;32m  OK  [0m] Stopped Daily apt upgrade and clean activities.
         Stopping User Manager for UID 1000...
[[0;32m  OK  [0m] Closed Load/Save RF Kill Switch Status /dev/rfkill Watch.
         Stopping Network Name Resolution...
[[0;32m  OK  [0m] Stopped Discard unused blocks once a week.
[[0;32m  OK  [0m] Stopped target Cloud-init target.
[[0;32m  OK  [0m] Stopped Execute cloud user/final scripts.
[[0;32m  OK  [0m] Stopped Apply the settings specified in cloud-config.
[[0;32m  OK  [0m] Stopped Daily apt download activities.
[[0;32m  OK  [0m] Stopped target System Time Synchronized.
[[0;32m  OK  [0m] Stopped Ubuntu Advantage Timer for running repeated jobs.
         Stopping Authorization Manager...
[[0;32m  OK  [0m] Stopped target Graphical Interface.
[[0;32m  OK  [0m] Stopped target Multi-User System.
[[0;32m  OK  [0m] Stopped target Login Prompts.
         Stopping Getty on tty1...
         Stopping Regular background program processing daemon...
         Stopping Dispatcher daemon for systemd-networkd...
         Stopping Virtualbox guest utils...
         Stopping LXD - container startup/shutdown...
         Stopping OpenBSD Secure Shell server...
         Stopping Deferred execution scheduler...
         Stopping System Logging Service...
         Stopping D-Bus System Message Bus...
         Stopping LSB: automatic crash report generation...
         Stopping LSB: Record successful boot for GRUB...
         Stopping Accounts Service...
         Stopping Serial Getty on ttyS0...
         Stopping FUSE filesystem for LXC...
         Stopping Session 5 of user vagrant.
[[0;32m  OK  [0m] Stopped Wait until snapd is fully seeded.
[[0;32m  OK  [0m] Stopped target Cloud-config availability.
         Stopping irqbalance daemon...
[[0;32m  OK  [0m] Stopped Deferred execution scheduler.
[[0;32m  OK  [0m] Stopped Regular background program processing daemon.
[[0;32m  OK  [0m] Stopped Dispatcher daemon for systemd-networkd.
[[0;32m  OK  [0m] Stopped OpenBSD Secure Shell server.
[[0;32m  OK  [0m] Unmounted /var/lib/lxcfs.
[[0;32m  OK  [0m] Stopped Network Name Resolution.
[[0;32m  OK  [0m] Stopped Accounts Service.
[[0;32m  OK  [0m] Stopped irqbalance daemon.
[[0;32m  OK  [0m] Stopped Serial Getty on ttyS0.
[[0;32m  OK  [0m] Stopped System Logging Service.
[[0;32m  OK  [0m] Stopped Getty on tty1.
[[0;32m  OK  [0m] Stopped Authorization Manager.
[[0;32m  OK  [0m] Stopped User Manager for UID 1000.
[[0;32m  OK  [0m] Stopped Availability of block devices.
[[0;32m  OK  [0m] Stopped D-Bus System Message Bus.
[[0;32m  OK  [0m] Stopped FUSE filesystem for LXC.
[[0;32m  OK  [0m] Stopped Session 5 of user vagrant.
[[0;32m  OK  [0m] Removed slice User Slice of vagrant.
         Stopping Login Service...
[[0;32m  OK  [0m] Removed slice system-getty.slice.
         Stopping Permit User Sessions...
[[0;32m  OK  [0m] Removed slice system-serial\x2dgetty.slice.
[[0;32m  OK  [0m] Stopped target Login Prompts (Pre).
[[0;32m  OK  [0m] Stopped LXD - container startup/shutdown.
[[0;32m  OK  [0m] Stopped Permit User Sessions.
[[0;32m  OK  [0m] Stopped Login Service.
[[0;32m  OK  [0m] Stopped target User and Group Name Lookups.
[[0;32m  OK  [0m] Stopped LSB: Record successful boot for GRUB.
[[0;32m  OK  [0m] Stopped LSB: automatic crash report generation.
[[0;32m  OK  [0m] Stopped target Remote File Systems.
[[0;32m  OK  [0m] Stopped Virtualbox guest utils.
[[0;32m  OK  [0m] Stopped target Basic System.
[[0;32m  OK  [0m] Stopped target Slices.
[[0;32m  OK  [0m] Removed slice User and Session Slice.
[[0;32m  OK  [0m] Stopped target Sockets.
[[0;32m  OK  [0m] Closed Syslog Socket.
[[0;32m  OK  [0m] Closed Socket activation for snappy daemon.
[[0;32m  OK  [0m] Closed D-Bus System Message Bus Socket.
[[0;32m  OK  [0m] Closed LXD - unix socket.
[[0;32m  OK  [0m] Closed cloud-init hotplug hook socket.
[[0;32m  OK  [0m] Closed Open-iSCSI iscsid Socket.
[[0;32m  OK  [0m] Closed UUID daemon activation socket.
[[0;32m  OK  [0m] Closed ACPID Listen Socket.
[[0;32m  OK  [0m] Stopped target Paths.
[[0;32m  OK  [0m] Stopped ACPI Events Check.
[[0;32m  OK  [0m] Stopped target System Initialization.
         Stopping Update UTMP about System Boot/Shutdown...
         Stopping Load/Save Random Seed...
[[0;32m  OK  [0m] Stopped Commit a transient machine-id on disk.
[[0;32m  OK  [0m] Stopped target Local Encrypted Volumes.
[[0;32m  OK  [0m] Stopped Dispatch Password Requests to Console Directory Watch.
[[0;32m  OK  [0m] Stopped Forward Password Requests to Wall Directory Watch.
[[0;32m  OK  [0m] Stopped Update UTMP about System Boot/Shutdown.
[[0;32m  OK  [0m] Stopped Create Volatile Files and Directories.
[[0;32m  OK  [0m] Stopped target Local File Systems.
[[0;32m  OK  [0m] Stopped target Mounted snaps.
[[0;32m  OK  [0m] Stopped target Mounting snaps.
         Unmounting /run/user/1000...
         Unmounting /vagrant...
[[0;32m  OK  [0m] Stopped Load/Save Random Seed.
[[0;32m  OK  [0m] Unmounted /run/user/1000.
[[0;32m  OK  [0m] Stopped target Swap.
[[0;32m  OK  [0m] Unmounted /vagrant.
[[0;32m  OK  [0m] Reached target Unmount All Filesystems.
[[0;32m  OK  [0m] Stopped target Local File Systems (Pre).
[[0;32m  OK  [0m] Stopped Create Static Device Nodes in /dev.
         Stopping Monitoring of LVM2 mirrors…ng dmeventd or progress polling...
[[0;32m  OK  [0m] Stopped target Network is Online.
[[0;32m  OK  [0m] Stopped Initial cloud-init job (metadata service crawler).
[[0;32m  OK  [0m] Stopped Wait for Network to be Configured.
         Stopping Network Service...
[[0;32m  OK  [0m] Stopped target Remote File Systems (Pre).
[[0;32m  OK  [0m] Stopped Monitoring of LVM2 mirrors,…sing dmeventd or progress polling.
         Stopping LVM2 metadata daemon...
[[0;32m  OK  [0m] Stopped LVM2 metadata daemon.
[[0;32m  OK  [0m] Stopped Network Service.
[[0;32m  OK  [0m] Stopped target Network (Pre).
[[0;32m  OK  [0m] Stopped Initial cloud-init job (pre-networking).
[[0;32m  OK  [0m] Stopped Remount Root and Kernel File Systems.
[[0;32m  OK  [0m] Stopped Apply Kernel Variables.
[[0;32m  OK  [0m] Stopped Load Kernel Modules.
[[0;32m  OK  [0m] Reached target Shutdown.
[[0;32m  OK  [0m] Reached target Final Step.
         Starting Power-Off...
[  127.928217] reboot: Power down
